<?xml version="1.0" encoding="UTF-8" ?>
<testsuite errors="0" failures="0" hostname="LAPTOP-FRHINHLE" name="DAO.LoaiSPDAOTest" skipped="0" tests="10" time="1.079" timestamp="2021-06-02T14:22:15">
  <properties>
[...]
</properties>
  <testcase classname="DAO.LoaiSPDAOTest" name="testFindByIdDung" time="0.664" />
  <testcase classname="DAO.LoaiSPDAOTest" name="testDeleteLoaiSPThanhCong" time="0.039" />
  <testcase classname="DAO.LoaiSPDAOTest" name="testDeleteLoaiSPThatBai" time="0.041" />
  <testcase classname="DAO.LoaiSPDAOTest" name="testAddLoaiSPThatBai" time="0.051" />
  <testcase classname="DAO.LoaiSPDAOTest" name="testGetAllLoaiSP" time="0.038" />
  <testcase classname="DAO.LoaiSPDAOTest" name="testAddLoaiSPThanhCong" time="0.046" />
  <testcase classname="DAO.LoaiSPDAOTest" name="testFindByIdSai" time="0.032" />
  <testcase classname="DAO.LoaiSPDAOTest" name="testEditLoaiSPThatBai1" time="0.035" />
  <testcase classname="DAO.LoaiSPDAOTest" name="testEditLoaiSPThatBai2" time="0.03" />
  <testcase classname="DAO.LoaiSPDAOTest" name="testEditLoaiSPThanhCong" time="0.044" />
  <system-out><![CDATA[findById
deleteLoaiSP
deleteLoaiSP
addLoaiSP
getAllLoaiSP
addLoaiSP
findById
editLoaiSP
editLoaiSP
editLoaiSP
]]></system-out>
  <system-err><![CDATA[]]></system-err>
</testsuite>
